Flutter crash report; please file at https://github.com/flutter/flutter/issues.

## command

flutter run -d iphone

## exception

FormatException: FormatException: Unexpected character (at character 1)
Install Started
^


```
#0      _ChunkedJsonParser.fail (dart:convert/runtime/libconvert_patch.dart:1358:5)
#1      _ChunkedJsonParser.parseNumber (dart:convert/runtime/libconvert_patch.dart:1254:9)
#2      _ChunkedJsonParser.parse (dart:convert/runtime/libconvert_patch.dart:922:22)
#3      _parseJson (dart:convert/runtime/libconvert_patch.dart:29:10)
#4      JsonDecoder.convert (dart:convert/json.dart:540:36)
#5      JsonCodec.decode (dart:convert/json.dart:167:41)
#6      SimControl._list (package:flutter_tools/src/ios/simulators.dart:88:17)
#7      SimControl.getDevices (package:flutter_tools/src/ios/simulators.dart:95:49)
#8      SimControl.getConnectedDevices (package:flutter_tools/src/ios/simulators.dart:109:12)
#9      IOSSimulatorUtils.getAttachedDevices (package:flutter_tools/src/ios/simulators.dart:49:32)
#10     IOSSimulators.pollingGetDevices (package:flutter_tools/src/ios/simulators.dart:38:80)
<asynchronous suspension>
#11     PollingDeviceDiscovery.devices (package:flutter_tools/src/device.dart:163:52)
<asynchronous suspension>
#12     DeviceManager.getAllConnectedDevices (package:flutter_tools/src/device.dart:91:46)
<asynchronous suspension>
#13     DeviceManager.getDevicesById (package:flutter_tools/src/device.dart:56:40)
<asynchronous suspension>
#14     DeviceManager.getDevices (package:flutter_tools/src/device.dart:80:11)
#15     FlutterCommand.findAllTargetDevices (package:flutter_tools/src/runner/flutter_command.dart:402:48)
<asynchronous suspension>
#16     RunCommand.validateCommand (package:flutter_tools/src/commands/run.dart:247:21)
<asynchronous suspension>
#17     FlutterCommand.verifyThenRunCommand (package:flutter_tools/src/runner/flutter_command.dart:361:11)
<asynchronous suspension>
#18     FlutterCommand.run.<anonymous closure> (package:flutter_tools/src/runner/flutter_command.dart:317:33)
<asynchronous suspension>
#19     AppContext.run.<anonymous closure> (package:flutter_tools/src/base/context.dart:142:29)
<asynchronous suspension>
#20     _rootRun (dart:async/zone.dart:1124:13)
#21     _CustomZone.run (dart:async/zone.dart:1021:19)
#22     _runZoned (dart:async/zone.dart:1516:10)
#23     runZoned (dart:async/zone.dart:1463:12)
#24     AppContext.run (package:flutter_tools/src/base/context.dart:141:18)
<asynchronous suspension>
#25     FlutterCommand.run (package:flutter_tools/src/runner/flutter_command.dart:308:20)
#26     CommandRunner.runCommand (package:args/command_runner.dart:194:27)
<asynchronous suspension>
#27     FlutterCommandRunner.runCommand.<anonymous closure> (package:flutter_tools/src/runner/flutter_command_runner.dart:393:21)
<asynchronous suspension>
#28     AppContext.run.<anonymous closure> (package:flutter_tools/src/base/context.dart:142:29)
<asynchronous suspension>
#29     _rootRun (dart:async/zone.dart:1124:13)
#30     _CustomZone.run (dart:async/zone.dart:1021:19)
#31     _runZoned (dart:async/zone.dart:1516:10)
#32     runZoned (dart:async/zone.dart:1463:12)
#33     AppContext.run (package:flutter_tools/src/base/context.dart:141:18)
<asynchronous suspension>
#34     FlutterCommandRunner.runCommand (package:flutter_tools/src/runner/flutter_command_runner.dart:353:19)
<asynchronous suspension>
#35     CommandRunner.run.<anonymous closure> (package:args/command_runner.dart:109:29)
#36     new Future.sync (dart:async/future.dart:224:31)
#37     CommandRunner.run (package:args/command_runner.dart:109:11)
#38     FlutterCommandRunner.run (package:flutter_tools/src/runner/flutter_command_runner.dart:235:18)
#39     run.<anonymous closure> (package:flutter_tools/runner.dart:59:20)
<asynchronous suspension>
#40     AppContext.run.<anonymous closure> (package:flutter_tools/src/base/context.dart:142:29)
<asynchronous suspension>
#41     _rootRun (dart:async/zone.dart:1124:13)
#42     _CustomZone.run (dart:async/zone.dart:1021:19)
#43     _runZoned (dart:async/zone.dart:1516:10)
#44     runZoned (dart:async/zone.dart:1463:12)
#45     AppContext.run (package:flutter_tools/src/base/context.dart:141:18)
<asynchronous suspension>
#46     runInContext (package:flutter_tools/src/context_runner.dart:42:24)
<asynchronous suspension>
#47     run (package:flutter_tools/runner.dart:50:10)
#48     main (package:flutter_tools/executable.dart:52:9)
<asynchronous suspension>
#49     main (file:///Users/ryanpaglinawan/Library/flutter/packages/flutter_tools/bin/flutter_tools.dart:8:3)
#50     _startIsolate.<anonymous closure> (dart:isolate/runtime/libisolate_patch.dart:287:32)
#51     _RawReceivePortImpl._handleMessage (dart:isolate/runtime/libisolate_patch.dart:171:12)
```

## flutter doctor

```
[32m[✓][39m Flutter (Channel dev, v0.10.1, on Mac OS X 10.13.6 17G65, locale en-US)
    [32m•[39m Flutter version 0.10.1 at /Users/ryanpaglinawan/Library/flutter
    [32m•[39m Framework revision 6a3ff018b1 (2 weeks ago), 2018-10-18 18:38:26 -0400
    [32m•[39m Engine revision 3860a43379
    [32m•[39m Dart version 2.1.0-dev.7.1.flutter-b99bcfd309

[32m[✓][39m Android toolchain - develop for Android devices (Android SDK 27.0.3)
    [32m•[39m Android SDK at /Users/ryanpaglinawan/Documents/AndroidSDK
    [32m•[39m Android NDK at /Users/ryanpaglinawan/Documents/AndroidSDK/ndk-bundle
    [32m•[39m Platform android-27, build-tools 27.0.3
    [32m•[39m ANDROID_HOME = /Users/ryanpaglinawan/Documents/AndroidSDK
    [32m•[39m Java binary at: /Applications/Android Studio.app/Contents/jre/jdk/Contents/Home/bin/java
    [32m•[39m Java version OpenJDK Runtime Environment (build 1.8.0_152-release-1024-b01)
    [32m•[39m All Android licenses accepted.

[32m[✓][39m iOS toolchain - develop for iOS devices (Xcode 10.1)
    [32m•[39m Xcode at /Applications/Xcode.app/Contents/Developer
    [32m•[39m Xcode 10.1, Build version 10B61
    [32m•[39m ios-deploy 1.9.2
    [32m•[39m CocoaPods version 1.6.0.beta.1

[32m[✓][39m Android Studio (version 3.1)
    [32m•[39m Android Studio at /Applications/Android Studio.app/Contents
    [32m•[39m Flutter plugin version 25.0.1
    [32m•[39m Dart plugin version 173.4700
    [32m•[39m Java version OpenJDK Runtime Environment (build 1.8.0_152-release-1024-b01)

[32m[✓][39m VS Code (version 1.28.2)
    [32m•[39m VS Code at /Applications/Visual Studio Code.app/Contents
    [32m•[39m Flutter extension version 2.19.0

[32m[✓][39m Connected device (1 available)
    [32m•[39m Yeah i eat ass no its not gay • 42d5be5af8cc8a11be61862aa5eecd5d76c82aba • ios • iOS 12.0.1

[32m•[39m No issues found!
```
