Flutter crash report; please file at https://github.com/flutter/flutter/issues.

## command

flutter run -d all

## exception

ProcessException: ProcessException: Process "/usr/bin/xcrun" exited abnormally:
An error was encountered processing the command (domain=com.apple.CoreSimulator.SimError, code=164):
Unable to lookup in current state: Shutdown
  Command: /usr/bin/xcrun simctl install 085B13B8-F781-4FD8-8F61-C456A5B671EE /Users/ryanpaglinawan/Desktop/Sail/Sail-Flutter/sail_flutter/build/ios/iphonesimulator/Runner.app

```
#0      runCheckedAsync (package:flutter_tools/src/base/process.dart:251:5)
<asynchronous suspension>
#1      SimControl.install (package:flutter_tools/src/ios/simulators.dart:125:16)
#2      IOSSimulator._setupUpdatedApplicationBundle (package:flutter_tools/src/ios/simulators.dart:396:31)
<asynchronous suspension>
#3      IOSSimulator.startApp (package:flutter_tools/src/ios/simulators.dart:308:15)
<asynchronous suspension>
#4      FlutterDevice.runHot (package:flutter_tools/src/resident_runner.dart:289:54)
#5      _asyncThenWrapperHelper.<anonymous closure> (dart:async/runtime/libasync_patch.dart:77:64)
#6      _rootRunUnary (dart:async/zone.dart:1132:38)
#7      _CustomZone.runUnary (dart:async/zone.dart:1029:19)
#8      _FutureListener.handleValue (dart:async/future_impl.dart:129:18)
#9      Future._propagateToListeners.handleValueCallback (dart:async/future_impl.dart:642:45)
#10     Future._propagateToListeners (dart:async/future_impl.dart:671:32)
#11     Future._complete (dart:async/future_impl.dart:476:7)
#12     _SyncCompleter.complete (dart:async/future_impl.dart:51:12)
#13     _AsyncAwaitCompleter.complete (dart:async/runtime/libasync_patch.dart:28:18)
#14     _completeOnAsyncReturn (dart:async/runtime/libasync_patch.dart:295:13)
#15     getApplicationPackageForPlatform (package:flutter_tools/src/application_package.dart)
#16     _asyncThenWrapperHelper.<anonymous closure> (dart:async/runtime/libasync_patch.dart:77:64)
#17     _rootRunUnary (dart:async/zone.dart:1132:38)
#18     _CustomZone.runUnary (dart:async/zone.dart:1029:19)
#19     _FutureListener.handleValue (dart:async/future_impl.dart:129:18)
#20     Future._propagateToListeners.handleValueCallback (dart:async/future_impl.dart:642:45)
#21     Future._propagateToListeners (dart:async/future_impl.dart:671:32)
#22     Future._complete (dart:async/future_impl.dart:476:7)
#23     _SyncCompleter.complete (dart:async/future_impl.dart:51:12)
#24     _AsyncAwaitCompleter.complete (dart:async/runtime/libasync_patch.dart:28:18)
#25     _completeOnAsyncReturn (dart:async/runtime/libasync_patch.dart:295:13)
#26     FlutterProject.fromDirectory (package:flutter_tools/src/project.dart)
#27     _asyncThenWrapperHelper.<anonymous closure> (dart:async/runtime/libasync_patch.dart:77:64)
#28     _rootRunUnary (dart:async/zone.dart:1132:38)
#29     _CustomZone.runUnary (dart:async/zone.dart:1029:19)
#30     _FutureListener.handleValue (dart:async/future_impl.dart:129:18)
#31     Future._propagateToListeners.handleValueCallback (dart:async/future_impl.dart:642:45)
#32     Future._propagateToListeners (dart:async/future_impl.dart:671:32)
#33     Future._complete (dart:async/future_impl.dart:476:7)
#34     _SyncCompleter.complete (dart:async/future_impl.dart:51:12)
#35     _AsyncAwaitCompleter.complete (dart:async/runtime/libasync_patch.dart:28:18)
#36     _completeOnAsyncReturn (dart:async/runtime/libasync_patch.dart:295:13)
#37     FlutterProject._readManifest (package:flutter_tools/src/project.dart)
#38     _asyncThenWrapperHelper.<anonymous closure> (dart:async/runtime/libasync_patch.dart:77:64)
#39     _rootRunUnary (dart:async/zone.dart:1132:38)
#40     _CustomZone.runUnary (dart:async/zone.dart:1029:19)
#41     _FutureListener.handleValue (dart:async/future_impl.dart:129:18)
#42     Future._propagateToListeners.handleValueCallback (dart:async/future_impl.dart:642:45)
#43     Future._propagateToListeners (dart:async/future_impl.dart:671:32)
#44     Future._complete (dart:async/future_impl.dart:476:7)
#45     _SyncCompleter.complete (dart:async/future_impl.dart:51:12)
#46     _rootRunUnary (dart:async/zone.dart:1132:38)
#47     _CustomZone.runUnary (dart:async/zone.dart:1029:19)
#48     _FutureListener.handleValue (dart:async/future_impl.dart:129:18)
#49     Future._propagateToListeners.handleValueCallback (dart:async/future_impl.dart:642:45)
#50     Future._propagateToListeners (dart:async/future_impl.dart:671:32)
#51     Future._complete (dart:async/future_impl.dart:476:7)
#52     _SyncCompleter.complete (dart:async/future_impl.dart:51:12)
#53     _AsyncAwaitCompleter.complete.<anonymous closure> (dart:async/runtime/libasync_patch.dart:33:20)
#54     _rootRun (dart:async/zone.dart:1124:13)
#55     _CustomZone.run (dart:async/zone.dart:1021:19)
#56     _CustomZone.bindCallback.<anonymous closure> (dart:async/zone.dart:947:23)
#57     _microtaskLoop (dart:async/schedule_microtask.dart:41:21)
#58     _startMicrotaskLoop (dart:async/schedule_microtask.dart:50:5)
#59     _runPendingImmediateCallback (dart:isolate/runtime/libisolate_patch.dart:115:13)
#60     _RawReceivePortImpl._handleMessage (dart:isolate/runtime/libisolate_patch.dart:172:5)
```

## flutter doctor

```
[32m[✓][39m Flutter (Channel dev, v0.11.12, on Mac OS X 10.14.1 18B75, locale en-US)
    [32m•[39m Flutter version 0.11.12 at /Users/ryanpaglinawan/Library/flutter
    [32m•[39m Framework revision 06ec8d3b41 (19 hours ago), 2018-11-28 15:56:58 -0800
    [32m•[39m Engine revision 72c7a75672
    [32m•[39m Dart version 2.1.0 (build 2.1.0-dev.9.4 f9ebf21297)

[32m[✓][39m Android toolchain - develop for Android devices (Android SDK 27.0.3)
    [32m•[39m Android SDK at /Users/ryanpaglinawan/Documents/AndroidSDK
    [32m•[39m Android NDK at /Users/ryanpaglinawan/Documents/AndroidSDK/ndk-bundle
    [32m•[39m Platform android-27, build-tools 27.0.3
    [32m•[39m ANDROID_HOME = /Users/ryanpaglinawan/Documents/AndroidSDK
    [32m•[39m Java binary at: /Applications/Android Studio.app/Contents/jre/jdk/Contents/Home/bin/java
    [32m•[39m Java version OpenJDK Runtime Environment (build 1.8.0_152-release-1024-b01)
    [32m•[39m All Android licenses accepted.

[33m[!][39m iOS toolchain - develop for iOS devices (Xcode 10.1)
    [32m•[39m Xcode at /Applications/Xcode.app/Contents/Developer
    [32m•[39m Xcode 10.1, Build version 10B61
    [31m✗[39m libimobiledevice and ideviceinstaller are not installed. To install with Brew, run:
        brew update
        brew install --HEAD usbmuxd
        brew link usbmuxd
        brew install --HEAD libimobiledevice
        brew install ideviceinstaller
    [32m•[39m ios-deploy 1.9.4
    [32m•[39m CocoaPods version 1.6.0.beta.1

[32m[✓][39m Android Studio (version 3.1)
    [32m•[39m Android Studio at /Applications/Android Studio.app/Contents
    [32m•[39m Flutter plugin version 25.0.1
    [32m•[39m Dart plugin version 173.4700
    [32m•[39m Java version OpenJDK Runtime Environment (build 1.8.0_152-release-1024-b01)

[32m[✓][39m VS Code (version 1.29.1)
    [32m•[39m VS Code at /Applications/Visual Studio Code.app/Contents
    [32m•[39m Flutter extension version 2.20.0

[32m[✓][39m Connected device (2 available)
    [32m•[39m Robin     • NBQGLMB6A1001914                     • android-arm64 • Android 7.1.1 (API 25)
    [32m•[39m iPhone XR • 085B13B8-F781-4FD8-8F61-C456A5B671EE • ios           • iOS 12.1 (simulator)

[33m![39m Doctor found issues in 1 category.
```
